0 verbose cli /Users/bakitekin/.nvm/versions/node/v18.20.7/bin/node /Users/bakitekin/.nvm/versions/node/v18.20.7/bin/npm
1 info using npm@10.8.2
2 info using node@v18.20.7
3 silly config load:file:/Users/bakitekin/.nvm/versions/node/v18.20.7/lib/node_modules/npm/npmrc
4 silly config load:file:/Users/bakitekin/Desktop/terfi/terfi-sistemi/.npmrc
5 silly config load:file:/Users/bakitekin/.npmrc
6 silly config load:file:/Users/bakitekin/.nvm/versions/node/v18.20.7/etc/npmrc
7 verbose title npm install
8 verbose argv "install" "--no-audit" "--no-fund"
9 verbose logfile logs-max:10 dir:/Users/bakitekin/Desktop/terfi/terfi-sistemi/.npm-cache/_logs/2025-10-29T19_17_33_000Z-
10 verbose logfile /Users/bakitekin/Desktop/terfi/terfi-sistemi/.npm-cache/_logs/2025-10-29T19_17_33_000Z-debug-0.log
11 silly packumentCache heap:4345298944 maxSize:1086324736 maxEntrySize:543162368
12 silly logfile start cleaning logs, removing 1 files
13 silly logfile done cleaning log files
14 silly idealTree buildDeps
15 silly fetch manifest @craco/craco@^7.1.0
16 silly packumentCache full:https://registry.npmjs.org/@craco%2fcraco cache-miss
17 verbose shrinkwrap failed to load node_modules/.package-lock.json out of date, updated: node_modules
18 http fetch GET 200 https://registry.npmjs.org/@craco%2fcraco 564ms (cache miss)
19 silly packumentCache full:https://registry.npmjs.org/@craco%2fcraco set size:undefined disposed:false
20 silly placeDep ROOT @craco/craco@7.1.0 OK for: terfi-sistemi@0.1.0 want: ^7.1.0
21 silly fetch manifest cosmiconfig-typescript-loader@^1.0.0
22 silly packumentCache full:https://registry.npmjs.org/cosmiconfig-typescript-loader cache-miss
23 silly fetch manifest webpack-merge@^5.8.0
24 silly packumentCache full:https://registry.npmjs.org/webpack-merge cache-miss
25 http fetch GET 200 https://registry.npmjs.org/cosmiconfig-typescript-loader 54ms (cache miss)
26 silly packumentCache full:https://registry.npmjs.org/cosmiconfig-typescript-loader set size:undefined disposed:false
27 http fetch GET 200 https://registry.npmjs.org/webpack-merge 179ms (cache miss)
28 silly packumentCache full:https://registry.npmjs.org/webpack-merge set size:undefined disposed:false
29 silly placeDep ROOT cosmiconfig-typescript-loader@1.0.9 OK for: @craco/craco@7.1.0 want: ^1.0.0
30 silly placeDep ROOT webpack-merge@5.10.0 OK for: @craco/craco@7.1.0 want: ^5.8.0
31 silly fetch manifest ts-node@^10.7.0
32 silly packumentCache full:https://registry.npmjs.org/ts-node cache-miss
33 silly fetch manifest flat@^5.0.2
34 silly packumentCache full:https://registry.npmjs.org/flat cache-miss
35 silly fetch manifest wildcard@^2.0.0
36 silly packumentCache full:https://registry.npmjs.org/wildcard cache-miss
37 silly fetch manifest clone-deep@^4.0.1
38 silly packumentCache full:https://registry.npmjs.org/clone-deep cache-miss
39 http fetch GET 200 https://registry.npmjs.org/flat 58ms (cache miss)
40 silly packumentCache full:https://registry.npmjs.org/flat set size:undefined disposed:false
41 http fetch GET 200 https://registry.npmjs.org/ts-node 62ms (cache miss)
42 silly packumentCache full:https://registry.npmjs.org/ts-node set size:undefined disposed:false
43 http fetch GET 200 https://registry.npmjs.org/clone-deep 139ms (cache miss)
44 silly packumentCache full:https://registry.npmjs.org/clone-deep set size:undefined disposed:false
45 http fetch GET 200 https://registry.npmjs.org/wildcard 174ms (cache miss)
46 silly packumentCache full:https://registry.npmjs.org/wildcard set size:undefined disposed:false
47 silly placeDep ROOT ts-node@10.9.2 OK for: cosmiconfig-typescript-loader@1.0.9 want: ^10.7.0
48 silly fetch manifest yn@3.1.1
49 silly packumentCache full:https://registry.npmjs.org/yn cache-miss
50 silly fetch manifest arg@^4.1.0
51 silly packumentCache full:https://registry.npmjs.org/arg cache-miss
52 silly fetch manifest diff@^4.0.1
53 silly packumentCache full:https://registry.npmjs.org/diff cache-miss
54 silly fetch manifest acorn-walk@^8.1.1
55 silly packumentCache full:https://registry.npmjs.org/acorn-walk cache-miss
56 silly fetch manifest make-error@^1.1.1
57 silly packumentCache full:https://registry.npmjs.org/make-error cache-miss
58 silly fetch manifest create-require@^1.1.0
59 silly packumentCache full:https://registry.npmjs.org/create-require cache-miss
60 silly fetch manifest @tsconfig/node10@^1.0.7
61 silly packumentCache full:https://registry.npmjs.org/@tsconfig%2fnode10 cache-miss
62 silly fetch manifest @tsconfig/node12@^1.0.7
63 silly packumentCache full:https://registry.npmjs.org/@tsconfig%2fnode12 cache-miss
64 silly fetch manifest @tsconfig/node14@^1.0.0
65 silly packumentCache full:https://registry.npmjs.org/@tsconfig%2fnode14 cache-miss
66 silly fetch manifest @tsconfig/node16@^1.0.2
67 silly packumentCache full:https://registry.npmjs.org/@tsconfig%2fnode16 cache-miss
68 silly fetch manifest v8-compile-cache-lib@^3.0.1
69 silly packumentCache full:https://registry.npmjs.org/v8-compile-cache-lib cache-miss
70 http fetch GET 200 https://registry.npmjs.org/acorn-walk 18ms (cache hit)
71 silly packumentCache full:https://registry.npmjs.org/acorn-walk set size:48148 disposed:false
72 silly fetch manifest @cspotcode/source-map-support@^0.8.0
73 silly packumentCache full:https://registry.npmjs.org/@cspotcode%2fsource-map-support cache-miss
74 http fetch GET 200 https://registry.npmjs.org/arg 22ms (cache hit)
75 silly packumentCache full:https://registry.npmjs.org/arg set size:67204 disposed:false
76 http fetch GET 200 https://registry.npmjs.org/yn 130ms (cache miss)
77 silly packumentCache full:https://registry.npmjs.org/yn set size:undefined disposed:false
78 http fetch GET 200 https://registry.npmjs.org/create-require 130ms (cache miss)
79 silly packumentCache full:https://registry.npmjs.org/create-require set size:undefined disposed:false
80 http fetch GET 200 https://registry.npmjs.org/make-error 130ms (cache miss)
81 silly packumentCache full:https://registry.npmjs.org/make-error set size:undefined disposed:false
82 http fetch GET 200 https://registry.npmjs.org/diff 133ms (cache miss)
83 silly packumentCache full:https://registry.npmjs.org/diff set size:undefined disposed:false
84 http fetch GET 200 https://registry.npmjs.org/v8-compile-cache-lib 209ms (cache miss)
85 silly packumentCache full:https://registry.npmjs.org/v8-compile-cache-lib set size:undefined disposed:false
86 http fetch GET 200 https://registry.npmjs.org/@tsconfig%2fnode14 242ms (cache miss)
87 silly packumentCache full:https://registry.npmjs.org/@tsconfig%2fnode14 set size:undefined disposed:false
88 http fetch GET 200 https://registry.npmjs.org/@tsconfig%2fnode16 243ms (cache miss)
89 silly packumentCache full:https://registry.npmjs.org/@tsconfig%2fnode16 set size:undefined disposed:false
90 http fetch GET 200 https://registry.npmjs.org/@tsconfig%2fnode12 244ms (cache miss)
91 silly packumentCache full:https://registry.npmjs.org/@tsconfig%2fnode12 set size:undefined disposed:false
92 http fetch GET 200 https://registry.npmjs.org/@tsconfig%2fnode10 250ms (cache miss)
93 silly packumentCache full:https://registry.npmjs.org/@tsconfig%2fnode10 set size:undefined disposed:false
94 http fetch GET 200 https://registry.npmjs.org/@cspotcode%2fsource-map-support 276ms (cache miss)
95 silly packumentCache full:https://registry.npmjs.org/@cspotcode%2fsource-map-support set size:undefined disposed:false
96 silly placeDep ROOT @cspotcode/source-map-support@0.8.1 OK for: ts-node@10.9.2 want: ^0.8.0
97 silly placeDep ROOT @tsconfig/node10@1.0.11 OK for: ts-node@10.9.2 want: ^1.0.7
98 silly placeDep ROOT @tsconfig/node12@1.0.11 OK for: ts-node@10.9.2 want: ^1.0.7
99 silly placeDep ROOT @tsconfig/node14@1.0.3 OK for: ts-node@10.9.2 want: ^1.0.0
100 silly placeDep ROOT @tsconfig/node16@1.0.4 OK for: ts-node@10.9.2 want: ^1.0.2
101 silly placeDep node_modules/ts-node acorn-walk@8.3.4 OK for: ts-node@10.9.2 want: ^8.1.1
102 silly placeDep ROOT arg@4.1.3 OK for: ts-node@10.9.2 want: ^4.1.0
103 silly placeDep ROOT create-require@1.1.1 OK for: ts-node@10.9.2 want: ^1.1.0
104 silly placeDep ROOT diff@4.0.2 OK for: ts-node@10.9.2 want: ^4.0.1
105 silly placeDep ROOT make-error@1.3.6 OK for: ts-node@10.9.2 want: ^1.1.1
106 silly placeDep ROOT v8-compile-cache-lib@3.0.1 OK for: ts-node@10.9.2 want: ^3.0.1
107 silly placeDep ROOT yn@3.1.1 OK for: ts-node@10.9.2 want: 3.1.1
108 silly fetch manifest @jridgewell/trace-mapping@0.3.9
109 silly packumentCache full:https://registry.npmjs.org/@jridgewell%2ftrace-mapping cache-miss
110 http fetch GET 200 https://registry.npmjs.org/@jridgewell%2ftrace-mapping 3ms (cache hit)
111 silly packumentCache full:https://registry.npmjs.org/@jridgewell%2ftrace-mapping set size:170909 disposed:false
112 silly placeDep node_modules/@cspotcode/source-map-support @jridgewell/trace-mapping@0.3.9 OK for: @cspotcode/source-map-support@0.8.1 want: 0.3.9
113 silly placeDep ROOT clone-deep@4.0.1 OK for: webpack-merge@5.10.0 want: ^4.0.1
114 silly placeDep ROOT flat@5.0.2 OK for: webpack-merge@5.10.0 want: ^5.0.2
115 silly placeDep ROOT wildcard@2.0.1 OK for: webpack-merge@5.10.0 want: ^2.0.0
116 silly fetch manifest is-plain-object@^2.0.4
117 silly packumentCache full:https://registry.npmjs.org/is-plain-object cache-miss
118 silly fetch manifest shallow-clone@^3.0.0
119 silly packumentCache full:https://registry.npmjs.org/shallow-clone cache-miss
120 http fetch GET 200 https://registry.npmjs.org/is-plain-object 45ms (cache miss)
121 silly packumentCache full:https://registry.npmjs.org/is-plain-object set size:undefined disposed:false
122 http fetch GET 200 https://registry.npmjs.org/shallow-clone 49ms (cache miss)
123 silly packumentCache full:https://registry.npmjs.org/shallow-clone set size:undefined disposed:false
124 silly placeDep ROOT is-plain-object@2.0.4 OK for: clone-deep@4.0.1 want: ^2.0.4
125 silly placeDep ROOT shallow-clone@3.0.1 OK for: clone-deep@4.0.1 want: ^3.0.0
126 silly fetch manifest isobject@^3.0.1
127 silly packumentCache full:https://registry.npmjs.org/isobject cache-miss
128 http fetch GET 200 https://registry.npmjs.org/isobject 97ms (cache miss)
129 silly packumentCache full:https://registry.npmjs.org/isobject set size:undefined disposed:false
130 silly placeDep ROOT isobject@3.0.1 OK for: is-plain-object@2.0.4 want: ^3.0.1
131 silly reify moves {}
132 verbose reify failed optional dependency /Users/bakitekin/Desktop/terfi/terfi-sistemi/node_modules/@tailwindcss/oxide-wasm32-wasi
133 silly reify mark deleted [
133 silly reify   '/Users/bakitekin/Desktop/terfi/terfi-sistemi/node_modules/@tailwindcss/oxide-wasm32-wasi'
133 silly reify ]
134 verbose reify failed optional dependency /Users/bakitekin/Desktop/terfi/terfi-sistemi/node_modules/lightningcss-win32-x64-msvc
135 silly reify mark deleted [
135 silly reify   '/Users/bakitekin/Desktop/terfi/terfi-sistemi/node_modules/lightningcss-win32-x64-msvc'
135 silly reify ]
136 verbose reify failed optional dependency /Users/bakitekin/Desktop/terfi/terfi-sistemi/node_modules/lightningcss-win32-arm64-msvc
137 silly reify mark deleted [
137 silly reify   '/Users/bakitekin/Desktop/terfi/terfi-sistemi/node_modules/lightningcss-win32-arm64-msvc'
137 silly reify ]
138 verbose reify failed optional dependency /Users/bakitekin/Desktop/terfi/terfi-sistemi/node_modules/lightningcss-linux-x64-musl
139 silly reify mark deleted [
139 silly reify   '/Users/bakitekin/Desktop/terfi/terfi-sistemi/node_modules/lightningcss-linux-x64-musl'
139 silly reify ]
140 verbose reify failed optional dependency /Users/bakitekin/Desktop/terfi/terfi-sistemi/node_modules/lightningcss-linux-x64-gnu
141 silly reify mark deleted [
141 silly reify   '/Users/bakitekin/Desktop/terfi/terfi-sistemi/node_modules/lightningcss-linux-x64-gnu'
141 silly reify ]
142 verbose reify failed optional dependency /Users/bakitekin/Desktop/terfi/terfi-sistemi/node_modules/lightningcss-linux-arm64-musl
143 silly reify mark deleted [
143 silly reify   '/Users/bakitekin/Desktop/terfi/terfi-sistemi/node_modules/lightningcss-linux-arm64-musl'
143 silly reify ]
144 verbose reify failed optional dependency /Users/bakitekin/Desktop/terfi/terfi-sistemi/node_modules/lightningcss-linux-arm64-gnu
145 silly reify mark deleted [
145 silly reify   '/Users/bakitekin/Desktop/terfi/terfi-sistemi/node_modules/lightningcss-linux-arm64-gnu'
145 silly reify ]
146 verbose reify failed optional dependency /Users/bakitekin/Desktop/terfi/terfi-sistemi/node_modules/lightningcss-linux-arm-gnueabihf
147 silly reify mark deleted [
147 silly reify   '/Users/bakitekin/Desktop/terfi/terfi-sistemi/node_modules/lightningcss-linux-arm-gnueabihf'
147 silly reify ]
148 verbose reify failed optional dependency /Users/bakitekin/Desktop/terfi/terfi-sistemi/node_modules/lightningcss-freebsd-x64
149 silly reify mark deleted [
149 silly reify   '/Users/bakitekin/Desktop/terfi/terfi-sistemi/node_modules/lightningcss-freebsd-x64'
149 silly reify ]
150 verbose reify failed optional dependency /Users/bakitekin/Desktop/terfi/terfi-sistemi/node_modules/lightningcss-darwin-x64
151 silly reify mark deleted [
151 silly reify   '/Users/bakitekin/Desktop/terfi/terfi-sistemi/node_modules/lightningcss-darwin-x64'
151 silly reify ]
152 verbose reify failed optional dependency /Users/bakitekin/Desktop/terfi/terfi-sistemi/node_modules/lightningcss-android-arm64
153 silly reify mark deleted [
153 silly reify   '/Users/bakitekin/Desktop/terfi/terfi-sistemi/node_modules/lightningcss-android-arm64'
153 silly reify ]
154 verbose reify failed optional dependency /Users/bakitekin/Desktop/terfi/terfi-sistemi/node_modules/@tailwindcss/oxide-win32-x64-msvc
155 silly reify mark deleted [
155 silly reify   '/Users/bakitekin/Desktop/terfi/terfi-sistemi/node_modules/@tailwindcss/oxide-win32-x64-msvc'
155 silly reify ]
156 verbose reify failed optional dependency /Users/bakitekin/Desktop/terfi/terfi-sistemi/node_modules/@tailwindcss/oxide-win32-arm64-msvc
157 silly reify mark deleted [
157 silly reify   '/Users/bakitekin/Desktop/terfi/terfi-sistemi/node_modules/@tailwindcss/oxide-win32-arm64-msvc'
157 silly reify ]
158 verbose reify failed optional dependency /Users/bakitekin/Desktop/terfi/terfi-sistemi/node_modules/@tailwindcss/oxide-linux-x64-musl
159 silly reify mark deleted [
159 silly reify   '/Users/bakitekin/Desktop/terfi/terfi-sistemi/node_modules/@tailwindcss/oxide-linux-x64-musl'
159 silly reify ]
160 verbose reify failed optional dependency /Users/bakitekin/Desktop/terfi/terfi-sistemi/node_modules/@tailwindcss/oxide-linux-x64-gnu
161 silly reify mark deleted [
161 silly reify   '/Users/bakitekin/Desktop/terfi/terfi-sistemi/node_modules/@tailwindcss/oxide-linux-x64-gnu'
161 silly reify ]
162 verbose reify failed optional dependency /Users/bakitekin/Desktop/terfi/terfi-sistemi/node_modules/@tailwindcss/oxide-linux-arm64-musl
163 silly reify mark deleted [
163 silly reify   '/Users/bakitekin/Desktop/terfi/terfi-sistemi/node_modules/@tailwindcss/oxide-linux-arm64-musl'
163 silly reify ]
164 verbose reify failed optional dependency /Users/bakitekin/Desktop/terfi/terfi-sistemi/node_modules/@tailwindcss/oxide-linux-arm64-gnu
165 silly reify mark deleted [
165 silly reify   '/Users/bakitekin/Desktop/terfi/terfi-sistemi/node_modules/@tailwindcss/oxide-linux-arm64-gnu'
165 silly reify ]
166 verbose reify failed optional dependency /Users/bakitekin/Desktop/terfi/terfi-sistemi/node_modules/@tailwindcss/oxide-linux-arm-gnueabihf
167 silly reify mark deleted [
167 silly reify   '/Users/bakitekin/Desktop/terfi/terfi-sistemi/node_modules/@tailwindcss/oxide-linux-arm-gnueabihf'
167 silly reify ]
168 verbose reify failed optional dependency /Users/bakitekin/Desktop/terfi/terfi-sistemi/node_modules/@tailwindcss/oxide-freebsd-x64
169 silly reify mark deleted [
169 silly reify   '/Users/bakitekin/Desktop/terfi/terfi-sistemi/node_modules/@tailwindcss/oxide-freebsd-x64'
169 silly reify ]
170 verbose reify failed optional dependency /Users/bakitekin/Desktop/terfi/terfi-sistemi/node_modules/@tailwindcss/oxide-darwin-x64
171 silly reify mark deleted [
171 silly reify   '/Users/bakitekin/Desktop/terfi/terfi-sistemi/node_modules/@tailwindcss/oxide-darwin-x64'
171 silly reify ]
172 verbose reify failed optional dependency /Users/bakitekin/Desktop/terfi/terfi-sistemi/node_modules/@tailwindcss/oxide-android-arm64
173 silly reify mark deleted [
173 silly reify   '/Users/bakitekin/Desktop/terfi/terfi-sistemi/node_modules/@tailwindcss/oxide-android-arm64'
173 silly reify ]
174 silly tarball no local data for wildcard@https://registry.npmjs.org/wildcard/-/wildcard-2.0.1.tgz. Extracting by manifest.
175 silly tarball no local data for flat@https://registry.npmjs.org/flat/-/flat-5.0.2.tgz. Extracting by manifest.
176 silly tarball no local data for is-plain-object@https://registry.npmjs.org/is-plain-object/-/is-plain-object-2.0.4.tgz. Extracting by manifest.
177 silly tarball no local data for yn@https://registry.npmjs.org/yn/-/yn-3.1.1.tgz. Extracting by manifest.
178 silly tarball no local data for clone-deep@https://registry.npmjs.org/clone-deep/-/clone-deep-4.0.1.tgz. Extracting by manifest.
179 silly tarball no local data for isobject@https://registry.npmjs.org/isobject/-/isobject-3.0.1.tgz. Extracting by manifest.
180 silly tarball no local data for shallow-clone@https://registry.npmjs.org/shallow-clone/-/shallow-clone-3.0.1.tgz. Extracting by manifest.
181 silly tarball no local data for make-error@https://registry.npmjs.org/make-error/-/make-error-1.3.6.tgz. Extracting by manifest.
182 silly tarball no local data for v8-compile-cache-lib@https://registry.npmjs.org/v8-compile-cache-lib/-/v8-compile-cache-lib-3.0.1.tgz. Extracting by manifest.
183 silly tarball no local data for diff@https://registry.npmjs.org/diff/-/diff-4.0.2.tgz. Extracting by manifest.
184 silly tarball no local data for @tsconfig/node16@https://registry.npmjs.org/@tsconfig/node16/-/node16-1.0.4.tgz. Extracting by manifest.
185 silly tarball no local data for arg@https://registry.npmjs.org/arg/-/arg-4.1.3.tgz. Extracting by manifest.
186 silly tarball no local data for create-require@https://registry.npmjs.org/create-require/-/create-require-1.1.1.tgz. Extracting by manifest.
187 silly tarball no local data for @tsconfig/node12@https://registry.npmjs.org/@tsconfig/node12/-/node12-1.0.11.tgz. Extracting by manifest.
188 silly tarball no local data for @tsconfig/node10@https://registry.npmjs.org/@tsconfig/node10/-/node10-1.0.11.tgz. Extracting by manifest.
189 silly tarball no local data for @cspotcode/source-map-support@https://registry.npmjs.org/@cspotcode/source-map-support/-/source-map-support-0.8.1.tgz. Extracting by manifest.
190 silly tarball no local data for ts-node@https://registry.npmjs.org/ts-node/-/ts-node-10.9.2.tgz. Extracting by manifest.
191 silly tarball no local data for webpack-merge@https://registry.npmjs.org/webpack-merge/-/webpack-merge-5.10.0.tgz. Extracting by manifest.
192 silly tarball no local data for cosmiconfig-typescript-loader@https://registry.npmjs.org/cosmiconfig-typescript-loader/-/cosmiconfig-typescript-loader-1.0.9.tgz. Extracting by manifest.
193 silly tarball no local data for @tsconfig/node14@https://registry.npmjs.org/@tsconfig/node14/-/node14-1.0.3.tgz. Extracting by manifest.
194 silly tarball no local data for @craco/craco@https://registry.npmjs.org/@craco/craco/-/craco-7.1.0.tgz. Extracting by manifest.
195 silly tarball no local data for @jridgewell/trace-mapping@https://registry.npmjs.org/@jridgewell/trace-mapping/-/trace-mapping-0.3.9.tgz. Extracting by manifest.
196 silly tarball no local data for acorn-walk@https://registry.npmjs.org/acorn-walk/-/acorn-walk-8.3.4.tgz. Extracting by manifest.
197 http fetch GET 200 https://registry.npmjs.org/is-plain-object/-/is-plain-object-2.0.4.tgz 135ms (cache miss)
198 http fetch GET 200 https://registry.npmjs.org/isobject/-/isobject-3.0.1.tgz 136ms (cache miss)
199 http fetch GET 200 https://registry.npmjs.org/make-error/-/make-error-1.3.6.tgz 135ms (cache miss)
200 http fetch GET 200 https://registry.npmjs.org/v8-compile-cache-lib/-/v8-compile-cache-lib-3.0.1.tgz 135ms (cache miss)
201 http fetch GET 200 https://registry.npmjs.org/wildcard/-/wildcard-2.0.1.tgz 138ms (cache miss)
202 http fetch GET 200 https://registry.npmjs.org/diff/-/diff-4.0.2.tgz 140ms (cache miss)
203 http fetch GET 200 https://registry.npmjs.org/cosmiconfig-typescript-loader/-/cosmiconfig-typescript-loader-1.0.9.tgz 168ms (cache miss)
204 http fetch GET 200 https://registry.npmjs.org/webpack-merge/-/webpack-merge-5.10.0.tgz 172ms (cache miss)
205 http fetch GET 200 https://registry.npmjs.org/@tsconfig/node14/-/node14-1.0.3.tgz 184ms (cache miss)
206 http fetch GET 200 https://registry.npmjs.org/ts-node/-/ts-node-10.9.2.tgz 186ms (cache miss)
207 http fetch GET 200 https://registry.npmjs.org/@cspotcode/source-map-support/-/source-map-support-0.8.1.tgz 191ms (cache miss)
208 http fetch GET 200 https://registry.npmjs.org/create-require/-/create-require-1.1.1.tgz 206ms (cache miss)
209 http fetch GET 200 https://registry.npmjs.org/acorn-walk/-/acorn-walk-8.3.4.tgz 208ms (cache miss)
210 http fetch GET 200 https://registry.npmjs.org/arg/-/arg-4.1.3.tgz 217ms (cache miss)
211 http fetch GET 200 https://registry.npmjs.org/@jridgewell/trace-mapping/-/trace-mapping-0.3.9.tgz 220ms (cache miss)
212 http fetch GET 200 https://registry.npmjs.org/@tsconfig/node10/-/node10-1.0.11.tgz 228ms (cache miss)
213 http fetch GET 200 https://registry.npmjs.org/@tsconfig/node16/-/node16-1.0.4.tgz 229ms (cache miss)
214 http fetch GET 200 https://registry.npmjs.org/yn/-/yn-3.1.1.tgz 250ms (cache miss)
215 http fetch GET 200 https://registry.npmjs.org/@tsconfig/node12/-/node12-1.0.11.tgz 257ms (cache miss)
216 http fetch GET 200 https://registry.npmjs.org/@craco/craco/-/craco-7.1.0.tgz 259ms (cache miss)
217 http fetch GET 200 https://registry.npmjs.org/shallow-clone/-/shallow-clone-3.0.1.tgz 371ms (cache miss)
218 http fetch GET 200 https://registry.npmjs.org/flat/-/flat-5.0.2.tgz 465ms (cache miss)
219 http fetch GET 200 https://registry.npmjs.org/clone-deep/-/clone-deep-4.0.1.tgz 559ms (cache miss)
220 silly ADD node_modules/isobject
221 silly ADD node_modules/shallow-clone
222 silly ADD node_modules/is-plain-object
223 silly ADD node_modules/wildcard
224 silly ADD node_modules/flat
225 silly ADD node_modules/clone-deep
226 silly ADD node_modules/yn
227 silly ADD node_modules/v8-compile-cache-lib
228 silly ADD node_modules/make-error
229 silly ADD node_modules/diff
230 silly ADD node_modules/create-require
231 silly ADD node_modules/arg
232 silly ADD node_modules/@tsconfig/node16
233 silly ADD node_modules/@tsconfig/node14
234 silly ADD node_modules/@tsconfig/node12
235 silly ADD node_modules/@tsconfig/node10
236 silly ADD node_modules/@cspotcode/source-map-support
237 silly ADD node_modules/@cspotcode/source-map-support/node_modules/@jridgewell/trace-mapping
238 silly ADD node_modules/ts-node
239 silly ADD node_modules/ts-node/node_modules/acorn-walk
240 silly ADD node_modules/webpack-merge
241 silly ADD node_modules/cosmiconfig-typescript-loader
242 silly ADD node_modules/@craco/craco
243 silly ADD
244 silly ADD
245 silly ADD
246 silly ADD
247 silly ADD
248 silly ADD
249 silly ADD
250 silly ADD
251 silly ADD
252 silly ADD
253 silly ADD node_modules/fsevents
254 silly ADD
255 silly ADD
256 silly ADD
257 silly ADD
258 silly ADD
259 silly ADD
260 silly ADD
261 silly ADD
262 silly ADD
263 silly ADD
264 silly ADD
265 verbose cwd /Users/bakitekin/Desktop/terfi/terfi-sistemi
266 verbose os Darwin 24.6.0
267 verbose node v18.20.7
268 verbose npm  v10.8.2
269 verbose exit 0
270 info ok
